<?xml version="1.1" encoding="UTF-8"?>
<testsuite name="com.baijob.commonTools.SettingTest" tests="2" failures="0" errors="0" timestamp="1970-01-01T00:00:00" hostname="xiaoleilu" time="1.376039565009E9">
  <properties/>
  <testcase name="settingTest" classname="com.baijob.commonTools.SettingTest" time="0.0"/>
  <testcase name="settingGroupTest" classname="com.baijob.commonTools.SettingTest" time="0.0"/>
  <system-out><![CDATA[17:12:45.002 [Test worker] DEBUG com.baijob.commonTools.Setting - Load setting file=>/E:/workspace/commonTools/build/resources/test/config/example.setting
17:12:45.008 [Test worker] DEBUG com.baijob.commonTools.Setting - Load setting file=>/E:/workspace/commonTools/build/resources/test/config/example.setting
]]></system-out>
  <system-err><![CDATA[]]></system-err>
</testsuite>
