<?xml version="1.1" encoding="UTF-8"?>
<testsuite name="com.baijob.commonTools.DateUtilTest" tests="3" failures="0" errors="0" timestamp="2013-08-09T09:12:44" hostname="xiaoleilu" time="0.055">
  <properties/>
  <testcase name="dateTest" classname="com.baijob.commonTools.DateUtilTest" time="0.054"/>
  <testcase name="datetimeTest" classname="com.baijob.commonTools.DateUtilTest" time="0.0"/>
  <testcase name="getOffsiteDateTest" classname="com.baijob.commonTools.DateUtilTest" time="0.0"/>
  <system-out><![CDATA[]]></system-out>
  <system-err><![CDATA[]]></system-err>
</testsuite>
