<?xml version="1.1" encoding="UTF-8"?>
<testsuite name="com.baijob.commonTools.SecureUtilTest" tests="1" failures="0" errors="0" timestamp="2013-08-09T09:12:44" hostname="xiaoleilu" time="0.0030">
  <properties/>
  <testcase name="getMd5Test" classname="com.baijob.commonTools.SecureUtilTest" time="0.0030"/>
  <system-out><![CDATA[]]></system-out>
  <system-err><![CDATA[]]></system-err>
</testsuite>
