<?xml version="1.1" encoding="UTF-8"?>
<testsuite name="com.baijob.commonTools.ZhUtilTest" tests="1" failures="0" errors="0" timestamp="1970-01-01T00:00:00" hostname="xiaoleilu" time="1.376039565126E9">
  <properties/>
  <testcase name="zhUtilTest" classname="com.baijob.commonTools.ZhUtilTest" time="0.116"/>
  <system-out><![CDATA[17:12:45.011 [Test worker] DEBUG com.baijob.commonTools.Setting - Load setting file=>/E:/workspace/commonTools/build/resources/main/data/simplified2traditional.setting
17:12:45.053 [Test worker] DEBUG com.baijob.commonTools.Setting - Load setting file=>/E:/workspace/commonTools/build/resources/main/data/simplified2traditional.setting
17:12:45.092 [Test worker] DEBUG com.baijob.commonTools.Setting - Load setting file=>/E:/workspace/commonTools/build/resources/main/data/traditional2simplified.setting
]]></system-out>
  <system-err><![CDATA[]]></system-err>
</testsuite>
